This is pdfTeX, Version 3.141592653-2.6-1.40.24 (MiKTeX 21.12) (preloaded format=pdflatex 2022.1.12)  27 MAR 2023 05:13
entering extended mode
 restricted \write18 enabled.
 %&-line parsing enabled.
**./Report3.tex
(Report3.tex
LaTeX2e <2021-11-15> patch level 1
L3 programming layer <2021-11-22>
(C:\Users\Mohit\AppData\Local\Programs\MiKTeX\tex/latex/base\article.cls
Document Class: article 2021/10/04 v1.4n Standard LaTeX document class
(C:\Users\Mohit\AppData\Local\Programs\MiKTeX\tex/latex/base\size12.clo
File: size12.clo 2021/10/04 v1.4n Standard LaTeX file (size option)
)
\c@part=\count183
\c@section=\count184
\c@subsection=\count185
\c@subsubsection=\count186
\c@paragraph=\count187
\c@subparagraph=\count188
\c@figure=\count189
\c@table=\count190
\abovecaptionskip=\skip47
\belowcaptionskip=\skip48
\bibindent=\dimen138
)
(C:\Users\Mohit\AppData\Local\Programs\MiKTeX\tex/latex/graphics\graphicx.sty
Package: graphicx 2021/09/16 v1.2d Enhanced LaTeX Graphics (DPC,SPQR)

(C:\Users\Mohit\AppData\Local\Programs\MiKTeX\tex/latex/graphics\keyval.sty
Package: keyval 2014/10/28 v1.15 key=value parser (DPC)
\KV@toks@=\toks16
)
(C:\Users\Mohit\AppData\Local\Programs\MiKTeX\tex/latex/graphics\graphics.sty
Package: graphics 2021/03/04 v1.4d Standard LaTeX Graphics (DPC,SPQR)

(C:\Users\Mohit\AppData\Local\Programs\MiKTeX\tex/latex/graphics\trig.sty
Package: trig 2021/08/11 v1.11 sin cos tan (DPC)
)
(C:\Users\Mohit\AppData\Local\Programs\MiKTeX\tex/latex/graphics-cfg\graphics.c
fg
File: graphics.cfg 2016/06/04 v1.11 sample graphics configuration
)
Package graphics Info: Driver file: pdftex.def on input line 107.

(C:\Users\Mohit\AppData\Local\Programs\MiKTeX\tex/latex/graphics-def\pdftex.def
File: pdftex.def 2020/10/05 v1.2a Graphics/color driver for pdftex
))
\Gin@req@height=\dimen139
\Gin@req@width=\dimen140
) (C:\Users\Mohit\AppData\Local\Programs\MiKTeX\tex/latex/caption\caption.sty
Package: caption 2023/03/12 v3.6j Customizing captions (AR)
(C:\Users\Mohit\AppData\Local\Programs\MiKTeX\tex/latex/caption\caption3.sty
Package: caption3 2023/03/12 v2.4 caption3 kernel (AR)
\caption@tempdima=\dimen141
\captionmargin=\dimen142
\caption@leftmargin=\dimen143
\caption@rightmargin=\dimen144
\caption@width=\dimen145
\caption@indent=\dimen146
\caption@parindent=\dimen147
\caption@hangindent=\dimen148
Package caption Info: Standard document class detected.
)
\c@caption@flags=\count191
\c@continuedfloat=\count192
)
(C:\Users\Mohit\AppData\Local\Programs\MiKTeX\tex/latex/caption\subcaption.sty
Package: subcaption 2023/02/19 v1.6 Sub-captions (AR)
Package caption Info: New subtype `subfigure' on input line 239.
\c@subfigure=\count193
Package caption Info: New subtype `subtable' on input line 239.
\c@subtable=\count194
) (C:\Users\Mohit\AppData\Local\Programs\MiKTeX\tex/latex/enumitem\enumitem.sty
Package: enumitem 2019/06/20 v3.9 Customized lists
\labelindent=\skip49
\enit@outerparindent=\dimen149
\enit@toks=\toks17
\enit@inbox=\box50
\enit@count@id=\count195
\enitdp@description=\count196
) (C:\Users\Mohit\AppData\Local\Programs\MiKTeX\tex/latex/geometry\geometry.sty
Package: geometry 2020/01/02 v5.9 Page Geometry

(C:\Users\Mohit\AppData\Local\Programs\MiKTeX\tex/generic/iftex\ifvtex.sty
Package: ifvtex 2019/10/25 v1.7 ifvtex legacy package. Use iftex instead.

(C:\Users\Mohit\AppData\Local\Programs\MiKTeX\tex/generic/iftex\iftex.sty
Package: iftex 2020/03/06 v1.0d TeX engine tests
))
\Gm@cnth=\count197
\Gm@cntv=\count198
\c@Gm@tempcnt=\count199
\Gm@bindingoffset=\dimen150
\Gm@wd@mp=\dimen151
\Gm@odd@mp=\dimen152
\Gm@even@mp=\dimen153
\Gm@layoutwidth=\dimen154
\Gm@layoutheight=\dimen155
\Gm@layouthoffset=\dimen156
\Gm@layoutvoffset=\dimen157
\Gm@dimlist=\toks18

(C:\Users\Mohit\AppData\Local\Programs\MiKTeX\tex/latex/geometry\geometry.cfg))
(C:\Users\Mohit\AppData\Local\Programs\MiKTeX\tex/latex/amsmath\amsmath.sty
Package: amsmath 2021/10/15 v2.17l AMS math features
\@mathmargin=\skip50

For additional information on amsmath, use the `?' option.
(C:\Users\Mohit\AppData\Local\Programs\MiKTeX\tex/latex/amsmath\amstext.sty
Package: amstext 2021/08/26 v2.01 AMS text

(C:\Users\Mohit\AppData\Local\Programs\MiKTeX\tex/latex/amsmath\amsgen.sty
File: amsgen.sty 1999/11/30 v2.0 generic functions
\@emptytoks=\toks19
\ex@=\dimen158
))
(C:\Users\Mohit\AppData\Local\Programs\MiKTeX\tex/latex/amsmath\amsbsy.sty
Package: amsbsy 1999/11/29 v1.2d Bold Symbols
\pmbraise@=\dimen159
)
(C:\Users\Mohit\AppData\Local\Programs\MiKTeX\tex/latex/amsmath\amsopn.sty
Package: amsopn 2021/08/26 v2.02 operator names
)
\inf@bad=\count266
LaTeX Info: Redefining \frac on input line 234.
\uproot@=\count267
\leftroot@=\count268
LaTeX Info: Redefining \overline on input line 399.
\classnum@=\count269
\DOTSCASE@=\count270
LaTeX Info: Redefining \ldots on input line 496.
LaTeX Info: Redefining \dots on input line 499.
LaTeX Info: Redefining \cdots on input line 620.
\Mathstrutbox@=\box51
\strutbox@=\box52
\big@size=\dimen160
LaTeX Font Info:    Redeclaring font encoding OML on input line 743.
LaTeX Font Info:    Redeclaring font encoding OMS on input line 744.
\macc@depth=\count271
\c@MaxMatrixCols=\count272
\dotsspace@=\muskip16
\c@parentequation=\count273
\dspbrk@lvl=\count274
\tag@help=\toks20
\row@=\count275
\column@=\count276
\maxfields@=\count277
\andhelp@=\toks21
\eqnshift@=\dimen161
\alignsep@=\dimen162
\tagshift@=\dimen163
\tagwidth@=\dimen164
\totwidth@=\dimen165
\lineht@=\dimen166
\@envbody=\toks22
\multlinegap=\skip51
\multlinetaggap=\skip52
\mathdisplay@stack=\toks23
LaTeX Info: Redefining \[ on input line 2938.
LaTeX Info: Redefining \] on input line 2939.
)
(C:\Users\Mohit\AppData\Local\Programs\MiKTeX\tex/latex/amscls\amsthm.sty
Package: amsthm 2020/05/29 v2.20.6
\thm@style=\toks24
\thm@bodyfont=\toks25
\thm@headfont=\toks26
\thm@notefont=\toks27
\thm@headpunct=\toks28
\thm@preskip=\skip53
\thm@postskip=\skip54
\thm@headsep=\skip55
\dth@everypar=\toks29
)
(C:\Users\Mohit\AppData\Local\Programs\MiKTeX\tex/latex/amsfonts\amssymb.sty
Package: amssymb 2013/01/14 v3.01 AMS font symbols

(C:\Users\Mohit\AppData\Local\Programs\MiKTeX\tex/latex/amsfonts\amsfonts.sty
Package: amsfonts 2013/01/14 v3.01 Basic AMSFonts support
\symAMSa=\mathgroup4
\symAMSb=\mathgroup5
LaTeX Font Info:    Redeclaring math symbol \hbar on input line 98.
LaTeX Font Info:    Overwriting math alphabet `\mathfrak' in version `bold'
(Font)                  U/euf/m/n --> U/euf/b/n on input line 106.
)) (C:\Users\Mohit\AppData\Local\Programs\MiKTeX\tex/latex/hyperref\hyperref.st
y
Package: hyperref 2021-06-07 v7.00m Hypertext links for LaTeX

(C:\Users\Mohit\AppData\Local\Programs\MiKTeX\tex/generic/ltxcmds\ltxcmds.sty
Package: ltxcmds 2020-05-10 v1.25 LaTeX kernel commands for general use (HO)
)
(C:\Users\Mohit\AppData\Local\Programs\MiKTeX\tex/generic/pdftexcmds\pdftexcmds
.sty
Package: pdftexcmds 2020-06-27 v0.33 Utility functions of pdfTeX for LuaTeX (HO
)

(C:\Users\Mohit\AppData\Local\Programs\MiKTeX\tex/generic/infwarerr\infwarerr.s
ty
Package: infwarerr 2019/12/03 v1.5 Providing info/warning/error messages (HO)
)
Package pdftexcmds Info: \pdf@primitive is available.
Package pdftexcmds Info: \pdf@ifprimitive is available.
Package pdftexcmds Info: \pdfdraftmode found.
)
(C:\Users\Mohit\AppData\Local\Programs\MiKTeX\tex/generic/kvsetkeys\kvsetkeys.s
ty
Package: kvsetkeys 2019/12/15 v1.18 Key value parser (HO)
)
(C:\Users\Mohit\AppData\Local\Programs\MiKTeX\tex/generic/kvdefinekeys\kvdefine
keys.sty
Package: kvdefinekeys 2019-12-19 v1.6 Define keys (HO)
)
(C:\Users\Mohit\AppData\Local\Programs\MiKTeX\tex/generic/pdfescape\pdfescape.s
ty
Package: pdfescape 2019/12/09 v1.15 Implements pdfTeX's escape features (HO)
) (C:\Users\Mohit\AppData\Local\Programs\MiKTeX\tex/latex/hycolor\hycolor.sty
Package: hycolor 2020-01-27 v1.10 Color options for hyperref/bookmark (HO)
)
(C:\Users\Mohit\AppData\Local\Programs\MiKTeX\tex/latex/letltxmacro\letltxmacro
.sty
Package: letltxmacro 2019/12/03 v1.6 Let assignment for LaTeX macros (HO)
)
(C:\Users\Mohit\AppData\Local\Programs\MiKTeX\tex/latex/auxhook\auxhook.sty
Package: auxhook 2019-12-17 v1.6 Hooks for auxiliary files (HO)
)
(C:\Users\Mohit\AppData\Local\Programs\MiKTeX\tex/latex/kvoptions\kvoptions.sty
Package: kvoptions 2022-06-15 v3.15 Key value format for package options (HO)
)
\@linkdim=\dimen167
\Hy@linkcounter=\count278
\Hy@pagecounter=\count279
 (C:\Users\Mohit\AppData\Local\Programs\MiKTeX\tex/latex/hyperref\pd1enc.def
File: pd1enc.def 2021-06-07 v7.00m Hyperref: PDFDocEncoding definition (HO)
Now handling font encoding PD1 ...
... no UTF-8 mapping file for font encoding PD1
)
(C:\Users\Mohit\AppData\Local\Programs\MiKTeX\tex/latex/hyperref\hyperref-langp
atches.def
File: hyperref-langpatches.def 2021-06-07 v7.00m Hyperref: patches for babel la
nguages
)
(C:\Users\Mohit\AppData\Local\Programs\MiKTeX\tex/generic/intcalc\intcalc.sty
Package: intcalc 2019/12/15 v1.3 Expandable calculations with integers (HO)
)
(C:\Users\Mohit\AppData\Local\Programs\MiKTeX\tex/generic/etexcmds\etexcmds.sty
Package: etexcmds 2019/12/15 v1.7 Avoid name clashes with e-TeX commands (HO)
)
\Hy@SavedSpaceFactor=\count280
 (C:\Users\Mohit\AppData\Local\Programs\MiKTeX\tex/latex/hyperref\puenc.def
File: puenc.def 2021-06-07 v7.00m Hyperref: PDF Unicode definition (HO)
Now handling font encoding PU ...
... no UTF-8 mapping file for font encoding PU
)
Package hyperref Info: Hyper figures OFF on input line 4192.
Package hyperref Info: Link nesting OFF on input line 4197.
Package hyperref Info: Hyper index ON on input line 4200.
Package hyperref Info: Plain pages OFF on input line 4207.
Package hyperref Info: Backreferencing OFF on input line 4212.
Package hyperref Info: Implicit mode ON; LaTeX internals redefined.
Package hyperref Info: Bookmarks ON on input line 4445.
\c@Hy@tempcnt=\count281

(C:\Users\Mohit\AppData\Local\Programs\MiKTeX\tex/latex/url\url.sty
\Urlmuskip=\muskip17
Package: url 2013/09/16  ver 3.4  Verb mode for urls, etc.
)
LaTeX Info: Redefining \url on input line 4804.
\XeTeXLinkMargin=\dimen168

(C:\Users\Mohit\AppData\Local\Programs\MiKTeX\tex/generic/bitset\bitset.sty
Package: bitset 2019/12/09 v1.3 Handle bit-vector datatype (HO)

(C:\Users\Mohit\AppData\Local\Programs\MiKTeX\tex/generic/bigintcalc\bigintcalc
.sty
Package: bigintcalc 2019/12/15 v1.5 Expandable calculations on big integers (HO
)
))
\Fld@menulength=\count282
\Field@Width=\dimen169
\Fld@charsize=\dimen170
Package hyperref Info: Hyper figures OFF on input line 6076.
Package hyperref Info: Link nesting OFF on input line 6081.
Package hyperref Info: Hyper index ON on input line 6084.
Package hyperref Info: backreferencing OFF on input line 6091.
Package hyperref Info: Link coloring OFF on input line 6096.
Package hyperref Info: Link coloring with OCG OFF on input line 6101.
Package hyperref Info: PDF/A mode OFF on input line 6106.
LaTeX Info: Redefining \ref on input line 6146.
LaTeX Info: Redefining \pageref on input line 6150.

(C:\Users\Mohit\AppData\Local\Programs\MiKTeX\tex/latex/base\atbegshi-ltx.sty
Package: atbegshi-ltx 2021/01/10 v1.0c Emulation of the original atbegshi
package with kernel methods
)
\Hy@abspage=\count283
\c@Item=\count284
\c@Hfootnote=\count285
)
Package hyperref Info: Driver (autodetected): hpdftex.
(C:\Users\Mohit\AppData\Local\Programs\MiKTeX\tex/latex/hyperref\hpdftex.def
File: hpdftex.def 2021-06-07 v7.00m Hyperref driver for pdfTeX

(C:\Users\Mohit\AppData\Local\Programs\MiKTeX\tex/latex/base\atveryend-ltx.sty
Package: atveryend-ltx 2020/08/19 v1.0a Emulation of the original atveryend pac
kage
with kernel methods
)
\Fld@listcount=\count286
\c@bookmark@seq@number=\count287

(C:\Users\Mohit\AppData\Local\Programs\MiKTeX\tex/latex/rerunfilecheck\rerunfil
echeck.sty
Package: rerunfilecheck 2022-07-10 v1.10 Rerun checks for auxiliary files (HO)

(C:\Users\Mohit\AppData\Local\Programs\MiKTeX\tex/generic/uniquecounter\uniquec
ounter.sty
Package: uniquecounter 2019/12/15 v1.4 Provide unlimited unique counter (HO)
)
Package uniquecounter Info: New unique counter `rerunfilecheck' on input line 2
85.
)
\Hy@SectionHShift=\skip56
)
(C:\Users\Mohit\AppData\Local\Programs\MiKTeX\tex/latex/amsfonts\euscript.sty
Package: euscript 2009/06/22 v3.00 Euler Script fonts
LaTeX Font Info:    Overwriting math alphabet `\EuScript' in version `bold'
(Font)                  U/eus/m/n --> U/eus/b/n on input line 33.
)
(C:\Users\Mohit\AppData\Local\Programs\MiKTeX\tex/latex/xcolor\xcolor.sty
Package: xcolor 2021/10/31 v2.13 LaTeX color extensions (UK)

(C:\Users\Mohit\AppData\Local\Programs\MiKTeX\tex/latex/graphics-cfg\color.cfg
File: color.cfg 2016/01/02 v1.6 sample color configuration
)
Package xcolor Info: Driver file: pdftex.def on input line 227.
Package xcolor Info: Model `cmy' substituted by `cmy0' on input line 1352.
Package xcolor Info: Model `hsb' substituted by `rgb' on input line 1356.
Package xcolor Info: Model `RGB' extended on input line 1368.
Package xcolor Info: Model `HTML' substituted by `rgb' on input line 1370.
Package xcolor Info: Model `Hsb' substituted by `hsb' on input line 1371.
Package xcolor Info: Model `tHsb' substituted by `hsb' on input line 1372.
Package xcolor Info: Model `HSB' substituted by `hsb' on input line 1373.
Package xcolor Info: Model `Gray' substituted by `gray' on input line 1374.
Package xcolor Info: Model `wave' substituted by `hsb' on input line 1375.
) (C:\Users\Mohit\AppData\Local\Programs\MiKTeX\tex/latex/calrsfs\calrsfs.sty
\symrsfscript=\mathgroup6
)
(C:\Users\Mohit\AppData\Local\Programs\MiKTeX\tex/latex/sectsty\sectsty.sty
Package: sectsty 2002/02/25 v2.0.2 Commands to change all sectional heading sty
les


LaTeX Warning: Command \underbar  has changed.
               Check if current package is valid.


LaTeX Warning: Command \underline  has changed.
               Check if current package is valid.

)
(C:\Users\Mohit\AppData\Local\Programs\MiKTeX\tex/latex/l3backend\l3backend-pdf
tex.def
File: l3backend-pdftex.def 2021-10-18 L3 backend support: PDF output (pdfTeX)
\l__color_backend_stack_int=\count288
\l__pdf_internal_box=\box53
) (Report3.aux

LaTeX Warning: Label `fig:galaxy' multiply defined.


LaTeX Warning: Label `fig:galaxy' multiply defined.


LaTeX Warning: Label `fig:galaxy' multiply defined.


LaTeX Warning: Label `fig:galaxy' multiply defined.


LaTeX Warning: Label `fig:galaxy' multiply defined.


LaTeX Warning: Label `fig:galaxy' multiply defined.


LaTeX Warning: Label `fig:galaxy' multiply defined.


LaTeX Warning: Label `fig:galaxy' multiply defined.


LaTeX Warning: Label `fig:galaxy' multiply defined.


LaTeX Warning: Label `fig:galaxy' multiply defined.


LaTeX Warning: Label `fig:galaxy' multiply defined.


LaTeX Warning: Label `fig:galaxy' multiply defined.


LaTeX Warning: Label `fig:galaxy' multiply defined.


LaTeX Warning: Label `fig:galaxy' multiply defined.


LaTeX Warning: Label `fig:galaxy' multiply defined.


LaTeX Warning: Label `fig:galaxy' multiply defined.


LaTeX Warning: Label `fig:galaxy' multiply defined.


LaTeX Warning: Label `fig:galaxy' multiply defined.


LaTeX Warning: Label `fig:galaxy' multiply defined.


LaTeX Warning: Label `fig:galaxy' multiply defined.


LaTeX Warning: Label `fig:galaxy' multiply defined.


LaTeX Warning: Label `fig:galaxy' multiply defined.


LaTeX Warning: Label `fig:galaxy' multiply defined.


LaTeX Warning: Label `fig:galaxy' multiply defined.


LaTeX Warning: Label `fig:galaxy' multiply defined.


LaTeX Warning: Label `fig:galaxy' multiply defined.


LaTeX Warning: Label `fig:galaxy' multiply defined.

)
\openout1 = `Report3.aux'.

LaTeX Font Info:    Checking defaults for OML/cmm/m/it on input line 19.
LaTeX Font Info:    ... okay on input line 19.
LaTeX Font Info:    Checking defaults for OMS/cmsy/m/n on input line 19.
LaTeX Font Info:    ... okay on input line 19.
LaTeX Font Info:    Checking defaults for OT1/cmr/m/n on input line 19.
LaTeX Font Info:    ... okay on input line 19.
LaTeX Font Info:    Checking defaults for T1/cmr/m/n on input line 19.
LaTeX Font Info:    ... okay on input line 19.
LaTeX Font Info:    Checking defaults for TS1/cmr/m/n on input line 19.
LaTeX Font Info:    ... okay on input line 19.
LaTeX Font Info:    Checking defaults for OMX/cmex/m/n on input line 19.
LaTeX Font Info:    ... okay on input line 19.
LaTeX Font Info:    Checking defaults for U/cmr/m/n on input line 19.
LaTeX Font Info:    ... okay on input line 19.
LaTeX Font Info:    Checking defaults for PD1/pdf/m/n on input line 19.
LaTeX Font Info:    ... okay on input line 19.
LaTeX Font Info:    Checking defaults for PU/pdf/m/n on input line 19.
LaTeX Font Info:    ... okay on input line 19.

(C:\Users\Mohit\AppData\Local\Programs\MiKTeX\tex/context/base/mkii\supp-pdf.mk
ii
[Loading MPS to PDF converter (version 2006.09.02).]
\scratchcounter=\count289
\scratchdimen=\dimen171
\scratchbox=\box54
\nofMPsegments=\count290
\nofMParguments=\count291
\everyMPshowfont=\toks30
\MPscratchCnt=\count292
\MPscratchDim=\dimen172
\MPnumerator=\count293
\makeMPintoPDFobject=\count294
\everyMPtoPDFconversion=\toks31
)
(C:\Users\Mohit\AppData\Local\Programs\MiKTeX\tex/latex/epstopdf-pkg\epstopdf-b
ase.sty
Package: epstopdf-base 2020-01-24 v2.11 Base part for package epstopdf
Package epstopdf-base Info: Redefining graphics rule for `.eps' on input line 4
85.

(C:\Users\Mohit\AppData\Local\Programs\MiKTeX\tex/latex/00miktex\epstopdf-sys.c
fg
File: epstopdf-sys.cfg 2021/03/18 v2.0 Configuration of epstopdf for MiKTeX
))
Package caption Info: Begin \AtBeginDocument code.
Package caption Info: hyperref package is loaded.
Package caption Info: End \AtBeginDocument code.

*geometry* driver: auto-detecting
*geometry* detected driver: pdftex
*geometry* verbose mode - [ preamble ] result:
* driver: pdftex
* paper: <default>
* layout: <same size as paper>
* layoutoffset:(h,v)=(0.0pt,0.0pt)
* modes: 
* h-part:(L,W,R)=(99.58464pt, 415.12572pt, 99.58464pt)
* v-part:(T,H,B)=(99.58464pt, 595.8007pt, 99.58464pt)
* \paperwidth=614.295pt
* \paperheight=794.96999pt
* \textwidth=415.12572pt
* \textheight=595.8007pt
* \oddsidemargin=27.31465pt
* \evensidemargin=27.31465pt
* \topmargin=-9.68535pt
* \headheight=12.0pt
* \headsep=25.0pt
* \topskip=12.0pt
* \footskip=30.0pt
* \marginparwidth=44.0pt
* \marginparsep=10.0pt
* \columnsep=10.0pt
* \skip\footins=10.8pt plus 4.0pt minus 2.0pt
* \hoffset=0.0pt
* \voffset=0.0pt
* \mag=1000
* \@twocolumnfalse
* \@twosidefalse
* \@mparswitchfalse
* \@reversemarginfalse
* (1in=72.27pt=25.4mm, 1cm=28.453pt)

Package hyperref Info: Link coloring OFF on input line 19.
(C:\Users\Mohit\AppData\Local\Programs\MiKTeX\tex/latex/hyperref\nameref.sty
Package: nameref 2021-04-02 v2.47 Cross-referencing by name of section

(C:\Users\Mohit\AppData\Local\Programs\MiKTeX\tex/latex/refcount\refcount.sty
Package: refcount 2019/12/15 v3.6 Data extraction from label references (HO)
)
(C:\Users\Mohit\AppData\Local\Programs\MiKTeX\tex/generic/gettitlestring\gettit
lestring.sty
Package: gettitlestring 2019/12/15 v1.6 Cleanup title references (HO)
)
\c@section@level=\count295
)
LaTeX Info: Redefining \ref on input line 19.
LaTeX Info: Redefining \pageref on input line 19.
LaTeX Info: Redefining \nameref on input line 19.
 (Report3.out) (Report3.out)
\@outlinefile=\write3
\openout3 = `Report3.out'.

<logo.jpg, id=119, 220.825pt x 215.80624pt>
File: logo.jpg Graphic file (type jpg)
<use logo.jpg>
Package pdftex.def Info: logo.jpg  used on input line 22.
(pdftex.def)             Requested size: 552.06111pt x 539.51427pt.
LaTeX Font Info:    Trying to load font information for U+msa on input line 44.


(C:\Users\Mohit\AppData\Local\Programs\MiKTeX\tex/latex/amsfonts\umsa.fd
File: umsa.fd 2013/01/14 v3.01 AMS symbols A
)
LaTeX Font Info:    Trying to load font information for U+msb on input line 44.


(C:\Users\Mohit\AppData\Local\Programs\MiKTeX\tex/latex/amsfonts\umsb.fd
File: umsb.fd 2013/01/14 v3.01 AMS symbols B
)
LaTeX Font Info:    Trying to load font information for OMS+rsfs on input line 
44.

(C:\Users\Mohit\AppData\Local\Programs\MiKTeX\tex/latex/calrsfs\omsrsfs.fd)
[1

{C:/Users/Mohit/AppData/Local/MiKTeX/fonts/map/pdftex/pdftex.map} <./logo.jpg>]

Underfull \hbox (badness 10000) in paragraph at lines 57--58

 []


Underfull \hbox (badness 10000) in paragraph at lines 59--61

 []



pdfTeX warning: pdflatex (file ./Images/ourpcbschematic.pdf): PDF inclusion: fo
und PDF version <1.7>, but at most version <1.5> allowed
<Images/ourpcbschematic.pdf, id=130, 794.97pt x 614.295pt>
File: Images/ourpcbschematic.pdf Graphic file (type pdf)
<use Images/ourpcbschematic.pdf>
Package pdftex.def Info: Images/ourpcbschematic.pdf  used on input line 74.
(pdftex.def)             Requested size: 415.12572pt x 320.785pt.


pdfTeX warning: pdflatex (file ./Images/ourpcbboth.pdf): PDF inclusion: found P
DF version <1.7>, but at most version <1.5> allowed
<Images/ourpcbboth.pdf, id=131, 794.97pt x 614.295pt>
File: Images/ourpcbboth.pdf Graphic file (type pdf)
<use Images/ourpcbboth.pdf>
Package pdftex.def Info: Images/ourpcbboth.pdf  used on input line 82.
(pdftex.def)             Requested size: 415.12572pt x 320.785pt.


pdfTeX warning: pdflatex (file ./Images/ourpcbwithgplane.pdf): PDF inclusion: f
ound PDF version <1.7>, but at most version <1.5> allowed
<Images/ourpcbwithgplane.pdf, id=132, 794.97pt x 614.295pt>
File: Images/ourpcbwithgplane.pdf Graphic file (type pdf)
<use Images/ourpcbwithgplane.pdf>
Package pdftex.def Info: Images/ourpcbwithgplane.pdf  used on input line 90.
(pdftex.def)             Requested size: 415.12572pt x 320.785pt.


pdfTeX warning: pdflatex (file ./Images/ourpcbtop.pdf): PDF inclusion: found PD
F version <1.7>, but at most version <1.5> allowed
<Images/ourpcbtop.pdf, id=133, 794.97pt x 614.295pt>
File: Images/ourpcbtop.pdf Graphic file (type pdf)
<use Images/ourpcbtop.pdf>
Package pdftex.def Info: Images/ourpcbtop.pdf  used on input line 98.
(pdftex.def)             Requested size: 415.12572pt x 320.785pt.


pdfTeX warning: pdflatex (file ./Images/ourpcbbottom.pdf): PDF inclusion: found
 PDF version <1.7>, but at most version <1.5> allowed
<Images/ourpcbbottom.pdf, id=134, 794.97pt x 614.295pt>
File: Images/ourpcbbottom.pdf Graphic file (type pdf)
<use Images/ourpcbbottom.pdf>
Package pdftex.def Info: Images/ourpcbbottom.pdf  used on input line 105.
(pdftex.def)             Requested size: 415.12572pt x 320.785pt.


pdfTeX warning: pdflatex (file ./Images/ourpcbtopgplane.pdf): PDF inclusion: fo
und PDF version <1.7>, but at most version <1.5> allowed
<Images/ourpcbtopgplane.pdf, id=135, 794.97pt x 614.295pt>
File: Images/ourpcbtopgplane.pdf Graphic file (type pdf)
<use Images/ourpcbtopgplane.pdf>
Package pdftex.def Info: Images/ourpcbtopgplane.pdf  used on input line 112.
(pdftex.def)             Requested size: 415.12572pt x 320.785pt.


pdfTeX warning: pdflatex (file ./Images/ourpcbbottomgplane.pdf): PDF inclusion:
 found PDF version <1.7>, but at most version <1.5> allowed
<Images/ourpcbbottomgplane.pdf, id=136, 794.97pt x 614.295pt>
File: Images/ourpcbbottomgplane.pdf Graphic file (type pdf)
<use Images/ourpcbbottomgplane.pdf>
Package pdftex.def Info: Images/ourpcbbottomgplane.pdf  used on input line 119.

(pdftex.def)             Requested size: 415.12572pt x 320.785pt.
[2] [3 <./Images/ourpcbschematic.pdf>] [4 <./Images/ourpcbboth.pdf>] [5 <./Imag
es/ourpcbwithgplane.pdf>] [6 <./Images/ourpcbtop.pdf>] [7 <./Images/ourpcbbotto
m.pdf>] [8 <./Images/ourpcbtopgplane.pdf>] [9 <./Images/ourpcbbottomgplane.pdf>
]
<Images/peltier.jpg, id=259, 903.375pt x 903.375pt>
File: Images/peltier.jpg Graphic file (type jpg)
<use Images/peltier.jpg>
Package pdftex.def Info: Images/peltier.jpg  used on input line 137.
(pdftex.def)             Requested size: 124.53897pt x 124.52803pt.
<Images/Peltierbase2.jpeg, id=260, 742.775pt x 694.595pt>
File: Images/Peltierbase2.jpeg Graphic file (type jpg)
<use Images/Peltierbase2.jpeg>
Package pdftex.def Info: Images/Peltierbase2.jpeg  used on input line 143.
(pdftex.def)             Requested size: 124.53897pt x 116.458pt.
<Images/peltierbase.jpeg, id=261, 1106.1325pt x 651.43375pt>
File: Images/peltierbase.jpeg Graphic file (type jpg)
<use Images/peltierbase.jpeg>
Package pdftex.def Info: Images/peltierbase.jpeg  used on input line 149.
(pdftex.def)             Requested size: 124.52736pt x 99.62927pt.
 [10 <./Images/peltier.jpg> <./Images/Peltierbase2.jpeg> <./Images/peltierbase.
jpeg>]
<Images/fan.jpg, id=268, 562.1pt x 562.1pt>
File: Images/fan.jpg Graphic file (type jpg)
<use Images/fan.jpg>
Package pdftex.def Info: Images/fan.jpg  used on input line 178.
(pdftex.def)             Requested size: 113.81102pt x 113.80746pt.
 [11 <./Images/fan.jpg>]
<Images/Mainheatingblock.png, id=274, 1152.305pt x 662.475pt>
File: Images/Mainheatingblock.png Graphic file (type png)
<use Images/Mainheatingblock.png>
Package pdftex.def Info: Images/Mainheatingblock.png  used on input line 192.
(pdftex.def)             Requested size: 284.52756pt x 163.57642pt.
 [12 <./Images/Mainheatingblock.png>]
<Images/Heatedlid1.png, id=282, 1152.305pt x 712.6625pt>
File: Images/Heatedlid1.png Graphic file (type png)
<use Images/Heatedlid1.png>
Package pdftex.def Info: Images/Heatedlid1.png  used on input line 222.
(pdftex.def)             Requested size: 199.16928pt x 123.17365pt.

Overfull \hbox (33.12154pt too wide) in paragraph at lines 222--223
 [][] 
 []

<Images/heatinglid2.jpeg, id=283, 623.32875pt x 423.08063pt>
File: Images/heatinglid2.jpeg Graphic file (type jpg)
<use Images/heatinglid2.jpeg>
Package pdftex.def Info: Images/heatinglid2.jpeg  used on input line 228.
(pdftex.def)             Requested size: 199.16928pt x 135.18198pt.
[13 <./Images/Heatedlid1.png> <./Images/heatinglid2.jpeg>] [14]
File: Images/Mainheatingblock.png Graphic file (type png)
<use Images/Mainheatingblock.png>
Package pdftex.def Info: Images/Mainheatingblock.png  used on input line 273.
(pdftex.def)             Requested size: 256.0748pt x 147.2208pt.
<Images/Tubetop.jpeg, id=295, 458.71375pt x 264.99pt>
File: Images/Tubetop.jpeg Graphic file (type jpg)
<use Images/Tubetop.jpeg>
Package pdftex.def Info: Images/Tubetop.jpeg  used on input line 288.
(pdftex.def)             Requested size: 142.26378pt x 82.18243pt.
<Images/Tubeside.jpeg, id=296, 499.8675pt x 775.89874pt>
File: Images/Tubeside.jpeg Graphic file (type jpg)
<use Images/Tubeside.jpeg>
Package pdftex.def Info: Images/Tubeside.jpeg  used on input line 294.
(pdftex.def)             Requested size: 142.26378pt x 220.82562pt.
 [15]
Underfull \hbox (badness 10000) in paragraph at lines 302--303

 []

File: Images/Heatedlid1.png Graphic file (type png)
<use Images/Heatedlid1.png>
Package pdftex.def Info: Images/Heatedlid1.png  used on input line 309.
(pdftex.def)             Requested size: 199.16928pt x 123.17365pt.

Overfull \hbox (33.12154pt too wide) in paragraph at lines 309--310
 [][] 
 []

File: Images/heatinglid2.jpeg Graphic file (type jpg)
<use Images/heatinglid2.jpeg>
Package pdftex.def Info: Images/heatinglid2.jpeg  used on input line 315.
(pdftex.def)             Requested size: 199.16928pt x 135.18198pt.
<Images/Isolation_Base.png, id=302, 357.7365pt x 394.47375pt>
File: Images/Isolation_Base.png Graphic file (type png)
<use Images/Isolation_Base.png>
Package pdftex.def Info: Images/Isolation_Base.png  used on input line 329.
(pdftex.def)             Requested size: 142.26378pt x 156.87178pt.
File: Images/Peltierbase2.jpeg Graphic file (type jpg)
<use Images/Peltierbase2.jpeg>
Package pdftex.def Info: Images/Peltierbase2.jpeg  used on input line 335.
(pdftex.def)             Requested size: 142.26378pt x 133.03429pt.
File: Images/peltierbase.jpeg Graphic file (type jpg)
<use Images/peltierbase.jpeg>
Package pdftex.def Info: Images/peltierbase.jpeg  used on input line 349.
(pdftex.def)             Requested size: 199.16928pt x 117.29277pt.

LaTeX Warning: `h' float specifier changed to `ht'.

[16 <./Images/Tubetop.jpeg> <./Images/Tubeside.jpeg>] [17 <./Images/Isolation_B
ase.png>]
<casing 2d.jpeg, id=315, 1016.79875pt x 641.39626pt>
File: casing 2d.jpeg Graphic file (type jpg)
<use casing 2d.jpeg>
Package pdftex.def Info: casing 2d.jpeg  used on input line 360.
(pdftex.def)             Requested size: 256.0748pt x 161.53288pt.
<casing 3d.jpeg, id=316, 857.2025pt x 728.7225pt>
File: casing 3d.jpeg Graphic file (type jpg)
<use casing 3d.jpeg>
Package pdftex.def Info: casing 3d.jpeg  used on input line 367.
(pdftex.def)             Requested size: 199.16928pt x 169.31503pt.


LaTeX Warning: `h' float specifier changed to `ht'.

<lid 2d.jpeg, id=317, 1417.295pt x 800.9925pt>
File: lid 2d.jpeg Graphic file (type jpg)
<use lid 2d.jpeg>
Package pdftex.def Info: lid 2d.jpeg  used on input line 374.
(pdftex.def)             Requested size: 199.16928pt x 112.55373pt.

LaTeX Warning: `h' float specifier changed to `ht'.

<lid 3d.jpeg, id=318, 706.64pt x 616.3025pt>
File: lid 3d.jpeg Graphic file (type jpg)
<use lid 3d.jpeg>
Package pdftex.def Info: lid 3d.jpeg  used on input line 381.
(pdftex.def)             Requested size: 199.16928pt x 173.7014pt.

LaTeX Warning: `h' float specifier changed to `ht'.


Package hyperref Warning: Difference (2) between bookmark levels is greater 
(hyperref)                than one, level fixed on input line 389.

<lm7805.jpeg, id=319, 886.31125pt x 461.725pt>
File: lm7805.jpeg Graphic file (type jpg)
<use lm7805.jpeg>
Package pdftex.def Info: lm7805.jpeg  used on input line 393.
(pdftex.def)             Requested size: 199.16928pt x 103.75682pt.

LaTeX Warning: `h' float specifier changed to `ht'.

<Voltage_regulator2.jpeg, id=320, 1204.5pt x 1606.0pt>
File: Voltage_regulator2.jpeg Graphic file (type jpg)
<use Voltage_regulator2.jpeg>
Package pdftex.def Info: Voltage_regulator2.jpeg  used on input line 404.
(pdftex.def)             Requested size: 199.16928pt x 265.54219pt.

LaTeX Warning: `h' float specifier changed to `ht'.

<Voltage_regulator1.jpeg, id=321, 1204.5pt x 1606.0pt>
File: Voltage_regulator1.jpeg Graphic file (type jpg)
<use Voltage_regulator1.jpeg>
Package pdftex.def Info: Voltage_regulator1.jpeg  used on input line 410.
(pdftex.def)             Requested size: 199.16928pt x 265.54219pt.

LaTeX Warning: `h' float specifier changed to `ht'.

<Voltage regulator.jpeg, id=322, 885.3075pt x 448.67625pt>
File: Voltage regulator.jpeg Graphic file (type jpg)
<use Voltage regulator.jpeg>
Package pdftex.def Info: Voltage regulator.jpeg  used on input line 421.
(pdftex.def)             Requested size: 199.16928pt x 100.9341pt.
[18 <./casing 2d.jpeg>]

LaTeX Warning: `h' float specifier changed to `ht'.


Package hyperref Warning: Difference (2) between bookmark levels is greater 
(hyperref)                than one, level fixed on input line 429.

<Code1.png, id=329, 1126.96031pt x 735.49782pt>
File: Code1.png Graphic file (type png)
<use Code1.png>
Package pdftex.def Info: Code1.png  used on input line 436.
(pdftex.def)             Requested size: 284.52756pt x 185.6921pt.

LaTeX Warning: `h' float specifier changed to `ht'.

<Code2.png, id=330, 1128.46594pt x 742.27313pt>
File: Code2.png Graphic file (type png)
<use Code2.png>
Package pdftex.def Info: Code2.png  used on input line 442.
(pdftex.def)             Requested size: 284.52756pt x 187.15349pt.

LaTeX Warning: `h' float specifier changed to `ht'.

<Code3.png, id=331, 1132.23pt x 724.95844pt>
File: Code3.png Graphic file (type png)
<use Code3.png>
Package pdftex.def Info: Code3.png  used on input line 448.
(pdftex.def)             Requested size: 284.52756pt x 182.17943pt.

LaTeX Warning: `h' float specifier changed to `ht'.

<Code4.png, id=332, 1153.30875pt x 755.82375pt>
File: Code4.png Graphic file (type png)
<use Code4.png>
Package pdftex.def Info: Code4.png  used on input line 454.
(pdftex.def)             Requested size: 284.52756pt x 186.46436pt.

LaTeX Warning: `h' float specifier changed to `ht'.

[19 <./casing 3d.jpeg> <./lid 2d.jpeg>] [20 <./lid 3d.jpeg> <./lm7805.jpeg>]
[21 <./Voltage_regulator2.jpeg>] [22 <./Voltage_regulator1.jpeg> <./Voltage reg
ulator.jpeg>] [23 <./Code1.png> <./Code2.png>] [24 <./Code3.png> <./Code4.png>]
(Report3.aux)

LaTeX Warning: There were multiply-defined labels.

Package rerunfilecheck Info: File `Report3.out' has not changed.
(rerunfilecheck)             Checksum: 0ABA52AD96D17547EAA3401BA4605221;4604.
 ) 
Here is how much of TeX's memory you used:
 12598 strings out of 478659
 203980 string characters out of 2845920
 495963 words of memory out of 3000000
 30440 multiletter control sequences out of 15000+600000
 409455 words of font info for 51 fonts, out of 8000000 for 9000
 1141 hyphenation exceptions out of 8191
 60i,8n,63p,586b,506s stack positions out of 5000i,500n,10000p,200000b,80000s
 <C:\Users\Mohit\AppData\Local\MiKTeX\fonts/pk/ljfour/jknappen/ec/dpi600\tcrm
1200.pk><C:/Users/Mohit/AppData/Local/Programs/MiKTeX/fonts/type1/public/amsfon
ts/cm/cmbx12.pfb><C:/Users/Mohit/AppData/Local/Programs/MiKTeX/fonts/type1/publ
ic/amsfonts/cm/cmr10.pfb><C:/Users/Mohit/AppData/Local/Programs/MiKTeX/fonts/ty
pe1/public/amsfonts/cm/cmr12.pfb><C:/Users/Mohit/AppData/Local/Programs/MiKTeX/
fonts/type1/public/amsfonts/cm/cmr17.pfb><C:/Users/Mohit/AppData/Local/Programs
/MiKTeX/fonts/type1/public/amsfonts/cm/cmtt12.pfb>
Output written on Report3.pdf (24 pages, 9285935 bytes).
PDF statistics:
 419 PDF objects out of 1000 (max. 8388607)
 83 named destinations out of 1000 (max. 500000)
 383 words of extra memory for PDF output out of 10000 (max. 10000000)

