\BOOKMARK [1][-]{section.1}{\376\377\000P\000C\000B\000\040\000S\000c\000h\000e\000m\000a\000t\000i\000c\000s}{}% 1
\BOOKMARK [1][-]{section.2}{\376\377\000J\000u\000s\000t\000i\000f\000i\000c\000a\000t\000i\000o\000n\000\040\000f\000o\000r\000\040\000c\000o\000m\000p\000o\000n\000e\000n\000t\000\040\000s\000e\000l\000e\000c\000t\000i\000o\000n}{}% 2
\BOOKMARK [2][-]{subsection.2.1}{\376\377\000P\000e\000l\000t\000i\000e\000r\000\040\000C\000e\000l\000l}{section.2}% 3
\BOOKMARK [2][-]{subsection.2.2}{\376\377\000M\000i\000c\000r\000o\000c\000o\000n\000t\000r\000o\000l\000l\000e\000r}{section.2}% 4
\BOOKMARK [2][-]{subsection.2.3}{\376\377\000H\000-\000B\000r\000i\000d\000g\000e}{section.2}% 5
\BOOKMARK [2][-]{subsection.2.4}{\376\377\000P\000o\000w\000e\000r\000\040\000S\000u\000p\000p\000l\000y}{section.2}% 6
\BOOKMARK [2][-]{subsection.2.5}{\376\377\000F\000a\000n}{section.2}% 7
\BOOKMARK [2][-]{subsection.2.6}{\376\377\000M\000a\000i\000n\000\040\000H\000e\000a\000t\000i\000n\000g\000\040\000B\000l\000o\000c\000k}{section.2}% 8
\BOOKMARK [1][-]{section.3}{\376\377\000P\000r\000i\000n\000c\000i\000p\000l\000e\000\040\000o\000f\000\040\000o\000p\000e\000r\000a\000t\000i\000o\000n\000\040\000o\000f\000\040\000e\000a\000c\000h\000\040\000s\000u\000b\000s\000y\000s\000t\000e\000m}{}% 9
\BOOKMARK [2][-]{subsection.3.1}{\376\377\000H\000e\000a\000t\000i\000n\000g\000\040\000B\000l\000o\000c\000k}{section.3}% 10
\BOOKMARK [2][-]{subsection.3.2}{\376\377\000C\000o\000o\000l\000i\000n\000g\000\040\000S\000y\000s\000t\000e\000m}{section.3}% 11
\BOOKMARK [2][-]{subsection.3.3}{\376\377\000T\000e\000m\000p\000e\000r\000a\000t\000u\000r\000e\000\040\000C\000o\000n\000t\000r\000o\000l\000l\000e\000r}{section.3}% 12
\BOOKMARK [2][-]{subsection.3.4}{\376\377\000H\000e\000a\000t\000e\000d\000\040\000L\000i\000d}{section.3}% 13
\BOOKMARK [2][-]{subsection.3.5}{\376\377\000C\000o\000n\000t\000r\000o\000l\000\040\000U\000n\000i\000t}{section.3}% 14
\BOOKMARK [2][-]{subsection.3.6}{\376\377\000P\000o\000w\000e\000r\000\040\000S\000u\000p\000p\000l\000y}{section.3}% 15
\BOOKMARK [2][-]{subsection.3.7}{\376\377\000H\000-\000B\000r\000i\000d\000g\000e}{section.3}% 16
\BOOKMARK [2][-]{subsection.3.8}{\376\377\000L\000C\000D\000\040\000D\000i\000s\000p\000l\000a\000y}{section.3}% 17
\BOOKMARK [1][-]{section.4}{\376\377\000\040\000P\000r\000e\000l\000i\000m\000i\000n\000a\000r\000y\000\040\000a\000n\000a\000l\000y\000s\000i\000s\000\040}{}% 18
\BOOKMARK [1][-]{section.5}{\376\377\000M\000e\000c\000h\000a\000n\000i\000c\000a\000l\000\040\000D\000e\000s\000i\000g\000n\000s}{}% 19
\BOOKMARK [1][-]{section.6}{\376\377\000C\000A\000D\000\040\000D\000e\000s\000i\000g\000n}{}% 20
\BOOKMARK [1][-]{section.7}{\376\377\000T\000e\000s\000t\000i\000n\000g\000\040\000o\000f\000\040\000S\000u\000b\000-\000C\000i\000r\000c\000u\000i\000t\000s}{}% 21
\BOOKMARK [2][-]{subsubsection.7.0.1}{\376\377\000V\000o\000l\000t\000a\000g\000e\000\040\000R\000e\000g\000u\000l\000a\000t\000o\000r\000\050\0001\0002\000V\000\040\000t\000o\000\040\0005\000V\000\051}{section.7}% 22
\BOOKMARK [3][-]{subsubsection.7.0.2}{\376\377\000V\000o\000l\000t\000a\000g\000e\000\040\000R\000e\000g\000u\000l\000a\000t\000o\000r\000\040\0005\000V\000\040\000t\000o\000\040\0003\000.\0003\000V}{subsubsection.7.0.1}% 23
\BOOKMARK [1][-]{section.8}{\376\377\000P\000r\000o\000g\000r\000a\000m\000m\000i\000n\000g}{}% 24
\BOOKMARK [2][-]{subsubsection.8.0.1}{\376\377\000C\000o\000d\000e\000\040\000f\000o\000r\000\040\000i\000n\000t\000e\000r\000f\000a\000c\000i\000n\000g\000\040\000o\000f\000\040\000T\000h\000e\000r\000m\000i\000s\000t\000o\000r\000\040\000w\000i\000t\000h\000\040\000S\000T\000M\0003\0002\000F\0001\0000\0003\000C\0008\000T\0006}{section.8}% 25
\BOOKMARK [1][-]{section.9}{\376\377\000R\000i\000s\000k\000\040\000m\000i\000t\000i\000g\000a\000t\000i\000o\000n\000/\000c\000o\000n\000t\000i\000n\000g\000e\000n\000c\000y}{}% 26
\BOOKMARK [2][-]{subsection.9.1}{\376\377\000R\000a\000m\000p\000\040\000r\000a\000t\000e\000\040\000n\000o\000t\000\040\000a\000c\000h\000i\000e\000v\000e\000d}{section.9}% 27
\BOOKMARK [2][-]{subsection.9.2}{\376\377\000P\000o\000s\000s\000i\000b\000i\000l\000i\000t\000y\000\040\000o\000f\000\040\000s\000h\000o\000r\000t\000\040\000c\000i\000r\000c\000u\000i\000t\000\040\000a\000n\000d\000\040\000o\000v\000e\000r\000c\000u\000r\000r\000e\000n\000t}{section.9}% 28
\BOOKMARK [2][-]{subsection.9.3}{\376\377\000H\000e\000a\000t\000i\000n\000g\000\040\000o\000f\000\040\000c\000o\000n\000d\000u\000c\000t\000i\000n\000g\000\040\000w\000i\000r\000e\000s}{section.9}% 29
